443
0 62
28
291
167
105
6 668
286
8 406
22
10 157
298
12 131
288
15 236
454
387
18 211
114
20 111
133
108
99
481
26 34
27 32
243
30 137
31 67
358
36 263
101
858
40 91
433
424
44 153
169
46 98
47 217
160
49 70
93
51 176
52 121
54 275
55 615
57 579
59 234
197
61 364
262
64 626
65 313
66 181
69 820
71 166
72 125
743
100
616
76 92
350
204
80 198
162
82 182
249
84 90
85 975
150
88 428
300
94 369
95 837
96 367
97 353
102 272
294
511
567
251
801
147
242
115 208
116 327
117 134
118 325
119 203
67
123 806
124 189
126 664
183
128 138
129 386
130 139
137
143 715
144 677
247
146 314
245
532
151 482
152 624
483
155 193
156 421
158 746
200
161 195
163 101
735
165 179
168 338
171 352
172 226
173 346
704
175 330
835
279
180 942
755
185 423
550
188 534
190 383
513
467
254
199 385
572
150
289
207 461
215
508
214 321
160
218 241
278
745
221 573
480
223 472
224 413
393
227 405
281
256
497
231 341
455
519
237 444
238 91
153
147
244 488
246 962
248 337
252 435
471
257 707
688
259 114
617
628
270
266 817
457
516
269 411
271 270
273 417
243
280 986
256
581
285 627
162
290 415
544
295 226
169
297 407
422
459
505
840
304 394
306 703
93
310 619
133
803
474
736
318 521
376
409
923
324 365
466
347
331 336
416
430
356
335 450
339 99
778
676
344 157
345 485
439
528
995
355 392
359 813
473
770
988
368 388
108
371 262
372 449
373 469
182
375 470
781
432
414
382 520
816
443
670
623
399 545
401 596
403 525
546
408 492
410 578
236
788
712
434 569
337
437 927
438 414
719
775
490
447 765
590
452 726
799
458 873
654
383
444
464 522
465 541
502
475 341
559
478 469
138
484 413
487 652
409
494 585
496 825
498 795
609
647
501 584
503 470
376
846
557
510 838
869
517 554
518 889
524 571
939
529 759
728
714
625
542 855
543 606
982
558
553 513
576
562 717
563 756
564 722
732
566 215
568 926
951
544
802
577 604
580 622
582 832
583 588
586 695
589 821
947
249
830
595 903
740
603 195
522
607 662
338
741
612 758
200
620 394
350
630 204
635 738
636 936
637 461
706
760
263
697
856
702
288
653 885
894
805
657 289
866
659 752
661 336
455
665 481
865
701
686
675 415
668
242
881
681 833
814
705 443
417
710 432
711 761
716 405
721 670
471
887
907
392
812
737 407
920
744 841
617
749 900
751 935
753 924
581
867
726
769 385
818
774 697
585
545
901
876
330
794 105
796 957
797 759
800 850
872
388
808 134
921
622
572
528
844
824 454
795
878
686
834 908
814
492
847 740
964
482
579
525
862 474
997
424
922
818
899
891 183
892 521
885
817
664
758
912 234
353
918 930
929 534
977
932 695
937 894
945 615
949 386
956 573
833
840
422
973 619
873
990 788
991 982
993 760
996 428
988
